2023-10-16 11:06:25,118 INFO c.m.i.SearchManager [main] user.dir is: /home/joey/SourcererCC
2023-10-16 11:06:25,119 INFO c.m.i.SearchManager [main] root dir is:/home/joey/SourcererCC/clone-detector/
2023-10-16 11:06:25,119 INFO c.m.i.SearchManager [main] reading Q values from properties file
2023-10-16 11:06:25,119 DEBUG c.m.i.SearchManager [main] propertiesPath: /home/joey/SourcererCC/clone-detector/NODE_1/sourcerer-cc.properties
2023-10-16 11:06:25,119 DEBUG c.m.i.SearchManager [main] Query path:/home/joey/SourcererCC/clone-detector/NODE_1/query
2023-10-16 11:06:25,120 INFO c.m.i.SearchManager [main] shardSegments String is : 65,100,300,500000
2023-10-16 11:06:25,120 DEBUG c.m.m.Shard [main] setinverted index
2023-10-16 11:06:25,146 DEBUG c.m.m.Shard [main] set forward index
2023-10-16 11:06:25,147 INFO c.m.m.Shard [main] shard Shard [id=1, minBagSizeToIndex=1, maxBagSizeToIndex=81] created
2023-10-16 11:06:25,147 DEBUG c.m.m.Shard [main] setinverted index
2023-10-16 11:06:25,147 DEBUG c.m.m.Shard [main] set forward index
2023-10-16 11:06:25,147 INFO c.m.m.Shard [main] shard Shard [id=2, minBagSizeToIndex=53, maxBagSizeToIndex=125] created
2023-10-16 11:06:25,147 DEBUG c.m.m.Shard [main] setinverted index
2023-10-16 11:06:25,148 DEBUG c.m.m.Shard [main] set forward index
2023-10-16 11:06:25,148 INFO c.m.m.Shard [main] shard Shard [id=3, minBagSizeToIndex=81, maxBagSizeToIndex=375] created
2023-10-16 11:06:25,148 DEBUG c.m.m.Shard [main] setinverted index
2023-10-16 11:06:25,148 DEBUG c.m.m.Shard [main] set forward index
2023-10-16 11:06:25,148 INFO c.m.m.Shard [main] shard Shard [id=4, minBagSizeToIndex=241, maxBagSizeToIndex=625000] created
2023-10-16 11:06:25,148 DEBUG c.m.m.Shard [main] setinverted index
2023-10-16 11:06:25,149 DEBUG c.m.m.Shard [main] set forward index
2023-10-16 11:06:25,149 INFO c.m.m.Shard [main] shard Shard [id=5, minBagSizeToIndex=400001, maxBagSizeToIndex=625000] created
2023-10-16 11:06:25,149 DEBUG c.m.i.SearchManager [main] Number of shards created: 5
2023-10-16 11:06:25,149 ERROR c.m.i.SearchManager [main] action: index
threshold: 8
 BQ_THREADS: 4
 SBQ_THREADS: 4
 IIQ_THREADS: 4

2023-10-16 11:06:25,149 DEBUG c.m.i.SearchManager [main] NODE_1 MAX_TOKENS=500000 MIN_TOKENS=1
2023-10-16 11:06:25,150 INFO c.m.i.CodeSearcher [main] index directory: /home/joey/SourcererCC/clone-detector/gtpmindex
2023-10-16 11:06:25,155 INFO c.m.i.SearchManager [main] Directory: /home/joey/SourcererCC/clone-detector/input/dataset
2023-10-16 11:06:25,155 INFO c.m.i.SearchManager [main] indexing file: /home/joey/SourcererCC/clone-detector/input/dataset/blocks.file
2023-10-16 11:06:25,157 DEBUG c.m.u.TokensFileReader [main] NODE_1 RL 0, file 1, 3 tokens in 1501 micros
2023-10-16 11:06:25,157 DEBUG c.m.u.Util [pool-2-thread-1] bag to sort: 1:1:3
2023-10-16 11:06:25,158 DEBUG c.m.u.TokensFileReader [main] NODE_1 RL 1, file 2, 3 tokens in 1042 micros
2023-10-16 11:06:25,158 DEBUG c.m.u.Util [pool-2-thread-2] bag to sort: 1:2:3
2023-10-16 11:06:25,159 DEBUG c.m.u.TokensFileReader [main] NODE_1 RL 2, file 3, 3 tokens in 733 micros
2023-10-16 11:06:25,159 DEBUG c.m.u.Util [pool-2-thread-3] bag to sort: 2:3:3
2023-10-16 11:06:25,159 DEBUG c.m.u.TokensFileReader [main] NODE_1 RL 3, file 4, 3 tokens in 459 micros
2023-10-16 11:06:25,160 INFO c.m.i.SearchManager [main] attempting to shutdown Qs
2023-10-16 11:06:25,160 DEBUG c.m.u.Util [pool-2-thread-4] bag to sort: 2:4:3
2023-10-16 11:06:25,160 INFO c.m.i.SearchManager [main] NODE_1, shutting down BTSQ, 1697468785160
2023-10-16 11:06:25,165 WARN c.m.i.CodeSearcher [pool-2-thread-4] number of blocks returend by gtpm: 0, key is: test query: key:test
2023-10-16 11:06:25,165 WARN c.m.i.CodeSearcher [pool-2-thread-2] number of blocks returend by gtpm: 0, key is: test query: key:test
2023-10-16 11:06:25,165 WARN c.m.i.CodeSearcher [pool-2-thread-1] number of blocks returend by gtpm: 0, key is: test query: key:test
2023-10-16 11:06:25,165 WARN c.m.i.CodeSearcher [pool-2-thread-3] number of blocks returend by gtpm: 0, key is: test query: key:test
2023-10-16 11:06:25,165 WARN c.m.i.CodeSearcher [pool-2-thread-4] number of blocks returend by gtpm: 0, key is: module query: key:module
2023-10-16 11:06:25,165 WARN c.m.i.CodeSearcher [pool-2-thread-3] number of blocks returend by gtpm: 0, key is: module query: key:module
2023-10-16 11:06:25,165 WARN c.m.i.CodeSearcher [pool-2-thread-2] number of blocks returend by gtpm: 0, key is: module query: key:module
2023-10-16 11:06:25,165 WARN c.m.i.CodeSearcher [pool-2-thread-4] number of blocks returend by gtpm: 0, key is: endmodule query: key:endmodule
2023-10-16 11:06:25,166 WARN c.m.i.CodeSearcher [pool-2-thread-3] number of blocks returend by gtpm: 0, key is: endmodule query: key:endmodule
2023-10-16 11:06:25,166 WARN c.m.i.CodeSearcher [pool-2-thread-1] number of blocks returend by gtpm: 0, key is: module query: key:module
2023-10-16 11:06:25,166 INFO c.m.m.BagSorter [pool-2-thread-4] NODE_1 SB, Bag 2:4:3 in 6071 micros
2023-10-16 11:06:25,166 INFO c.m.m.BagSorter [pool-2-thread-3] NODE_1 SB, Bag 2:3:3 in 6775 micros
2023-10-16 11:06:25,166 WARN c.m.i.CodeSearcher [pool-2-thread-2] number of blocks returend by gtpm: 0, key is: endmodule query: key:endmodule
2023-10-16 11:06:25,166 INFO c.m.m.BagSorter [pool-2-thread-1] NODE_1 SB, Bag 1:1:3 in 8812 micros
2023-10-16 11:06:25,166 INFO c.m.m.BagSorter [pool-2-thread-2] NODE_1 SB, Bag 1:2:3 in 7766 micros
2023-10-16 11:06:25,167 INFO c.m.i.SearchManager [main] NODE_1shutting down BTIIQ, 1697468785167
2023-10-16 11:06:25,179 DEBUG c.m.m.InvertedIndexCreator [pool-3-thread-2] NODE_1 II, Bag 1:1:3 in shards 1: in 12506 micros
2023-10-16 11:06:25,179 DEBUG c.m.m.InvertedIndexCreator [pool-3-thread-4] NODE_1 II, Bag 2:3:3 in shards 1: in 12088 micros
2023-10-16 11:06:25,179 DEBUG c.m.m.InvertedIndexCreator [pool-3-thread-1] NODE_1 II, Bag 2:4:3 in shards 1: in 12792 micros
2023-10-16 11:06:25,180 DEBUG c.m.m.InvertedIndexCreator [pool-3-thread-3] NODE_1 II, Bag 1:2:3 in shards 1: in 12885 micros
2023-10-16 11:06:25,180 INFO c.m.i.SearchManager [main] NODE_1shutting down BTFIQ, 1697468785180
2023-10-16 11:06:25,181 DEBUG c.m.m.ForwardIndexCreator [pool-4-thread-3] NODE_1 FI, Bag 1:1:3 in 1000 micros
2023-10-16 11:06:25,181 DEBUG c.m.m.ForwardIndexCreator [pool-4-thread-1] NODE_1 FI, Bag 2:3:3 in 1411 micros
2023-10-16 11:06:25,181 DEBUG c.m.m.ForwardIndexCreator [pool-4-thread-2] NODE_1 FI, Bag 2:4:3 in 722 micros
2023-10-16 11:06:25,181 DEBUG c.m.m.ForwardIndexCreator [pool-4-thread-4] NODE_1 FI, Bag 1:2:3 in 909 micros
2023-10-16 11:06:25,240 INFO c.m.i.SearchManager [main] indexing over!
2023-10-16 11:06:25,240 INFO c.m.i.SearchManager [main] Total run Time: 121969 micros
2023-10-16 11:06:25,240 INFO c.m.i.SearchManager [main] number of clone pairs detected: 0
2023-10-16 11:06:25,240 INFO c.m.i.SearchManager [main] completed on NODE_1
